<?xml version="1.0" encoding="UTF-8"?>
<!-- Generated by org.testng.reporters.JUnitReportReporter -->
<testsuite hostname="DESKTOP-JAJI5AF" failures="0" tests="1" name="tests.LoginTest" time="11.728" errors="0" timestamp="2025-01-01T10:38:58 IST" skipped="0">
  <testcase classname="tests.LoginTest" name="testLogin" time="11.728"/>
  <system-out/>
</testsuite> <!-- tests.LoginTest -->
