<?xml version="1.0" encoding="UTF-8"?>
<!-- Generated by org.testng.reporters.JUnitReportReporter -->
<testsuite hostname="DESKTOP-JAJI5AF" failures="0" tests="1" name="tests.TC_003_Test_invalidUserNameandPassword" time="29.336" errors="0" timestamp="2025-01-24T12:15:46 IST" skipped="0">
  <testcase classname="tests.TC_003_Test_invalidUserNameandPassword" name="checklogin" time="29.336"/>
  <system-out/>
</testsuite> <!-- tests.TC_003_Test_invalidUserNameandPassword -->
