<?xml version="1.0" encoding="UTF-8"?>
<!-- Generated by org.testng.reporters.JUnitReportReporter -->
<testsuite hostname="DESKTOP-JAJI5AF" failures="0" tests="1" name="locators.TC_003_Loc_invalidUserNamePassword" time="10.866" errors="0" timestamp="2025-01-17T17:28:50 IST" skipped="0">
  <testcase classname="locators.TC_003_Loc_invalidUserNamePassword" name="testlogin" time="10.866"/>
  <system-out/>
</testsuite> <!-- locators.TC_003_Loc_invalidUserNamePassword -->
