<?xml version="1.0" encoding="UTF-8"?>
<!-- Generated by org.testng.reporters.JUnitReportReporter -->
<testsuite hostname="DESKTOP-JAJI5AF" failures="0" tests="1" name="tests.LoginTest" time="15.592" errors="0" timestamp="2024-12-26T17:07:16 IST" skipped="0">
  <testcase classname="tests.LoginTest" name="testLogin" time="15.592"/>
</testsuite> <!-- tests.LoginTest -->
