<?xml version="1.0" encoding="UTF-8"?>
<!-- Generated by org.testng.reporters.JUnitReportReporter -->
<testsuite hostname="DESKTOP-JAJI5AF" failures="0" tests="1" name="tests.LoginTest" time="12.058" errors="0" timestamp="2024-12-27T17:12:01 IST" skipped="0">
  <testcase classname="tests.LoginTest" name="testLogin" time="12.058"/>
</testsuite> <!-- tests.LoginTest -->
