<?xml version="1.0" encoding="UTF-8"?>
<!-- Generated by org.testng.reporters.JUnitReportReporter -->
<testsuite hostname="DESKTOP-JAJI5AF" failures="0" tests="1" name="tests.LoginTest" time="11.745" errors="0" timestamp="2024-12-26T17:18:40 IST" skipped="0">
  <testcase classname="tests.LoginTest" name="testLogin" time="11.745"/>
</testsuite> <!-- tests.LoginTest -->
