<?xml version="1.0" encoding="UTF-8"?>
<!-- Generated by org.testng.reporters.JUnitReportReporter -->
<testsuite hostname="DESKTOP-JAJI5AF" failures="0" tests="1" name="tests.LoginTest" time="13.873" errors="0" timestamp="2024-12-27T17:15:40 IST" skipped="0">
  <testcase classname="tests.LoginTest" name="testLogin" time="13.873"/>
</testsuite> <!-- tests.LoginTest -->
